#-----------------------------------------------------------
# PlanAhead v14.7 (64-bit)
# Build 321239 by xbuild on Fri Sep 27 19:24:36 MDT 2013
# Start of session at: Mon Jan 13 14:42:00 2020
# Process ID: 2936
# Log file: /media/dipeshk/hacker/CS220Labs/Lab1_1/full_adder/planAhead_run_2/planAhead.log
# Journal file: /media/dipeshk/hacker/CS220Labs/Lab1_1/full_adder/planAhead_run_2/planAhead.jou
#-----------------------------------------------------------
INFO: [Common 17-78] Attempting to get a license: PlanAhead
INFO: [Common 17-290] Got license for PlanAhead
INFO: [Common 17-86] Your PlanAhead license expires in -378 day(s)
INFO: [Device 21-36] Loading parts and site information from /opt/Xilinx/14.7/ISE_DS/PlanAhead/data/parts/arch.xml
Parsing RTL primitives file [/opt/Xilinx/14.7/ISE_DS/PlanAhead/data/parts/xilinx/rtl/prims/rtl_prims.xml]
Finished parsing RTL primitives file [/opt/Xilinx/14.7/ISE_DS/PlanAhead/data/parts/xilinx/rtl/prims/rtl_prims.xml]
start_gui
source /media/dipeshk/hacker/CS220Labs/Lab1_1/full_adder/pa.fromHdl.tcl
# create_project -name full_adder -dir "/media/dipeshk/hacker/CS220Labs/Lab1_1/full_adder/planAhead_run_2" -part xc3s500efg320-4
ERROR: [Common 17-53] User Exception: Project already exists on disk, please use '-force' option to overwrite: 
     /media/dipeshk/hacker/CS220Labs/Lab1_1/full_adder/planAhead_run_2/full_adder.ppr
     /media/dipeshk/hacker/CS220Labs/Lab1_1/full_adder/planAhead_run_2/full_adder.data

    while executing
"create_project -name full_adder -dir "/media/dipeshk/hacker/CS220Labs/Lab1_1/full_adder/planAhead_run_2" -part xc3s500efg320-4"
    (file "/media/dipeshk/hacker/CS220Labs/Lab1_1/full_adder/pa.fromHdl.tcl" line 4)
exit
INFO: [Common 17-206] Exiting PlanAhead at Mon Jan 13 14:42:27 2020...
INFO: [Common 17-83] Releasing license: PlanAhead
