Command line:
   rippling_led_top_isim_beh.exe
     -simmode  gui
     -simrunnum  0
     -socket  54374

Mon Jan 27 14:47:05 2020


 Elaboration Time: 0.04 sec

 Current Memory Usage: 240.574 Meg

 Total Signals          : 22
 Total Nets             : 22
 Total Signal Drivers   : 14
 Total Blocks           : 3
 Total Primitive Blocks : 2
 Total Processes        : 19
 Total Traceable Variables  : 28
 Total Scalar Nets and Variables : 143
Total Line Count : 46

 Total Simulation Time: 0.05 sec

 Current Memory Usage: 315.023 Meg

Mon Jan 27 14:47:37 2020

