Command line:
   one_bit_comparator_isim_beh.exe
     -simmode  gui
     -simrunnum  0
     -socket  46156

Sun Jan 26 14:21:15 2020


 Elaboration Time: 0.03 sec

 Current Memory Usage: 239.522 Meg

 Total Signals          : 18
 Total Nets             : 21
 Total Signal Drivers   : 8
 Total Blocks           : 2
 Total Primitive Blocks : 2
 Total Processes        : 10
 Total Traceable Variables  : 21
 Total Scalar Nets and Variables : 104
Total Line Count : 21

 Total Simulation Time: 0.05 sec

 Current Memory Usage: 315.023 Meg

Sun Jan 26 14:21:22 2020

