Command line:
   eight_bit_comparator_top_isim_beh.exe
     -simmode  gui
     -simrunnum  0
     -socket  47630

Mon Jan 27 14:02:08 2020


 Elaboration Time: 0.04 sec

 Current Memory Usage: 239.526 Meg

 Total Signals          : 85
 Total Nets             : 64
 Total Signal Drivers   : 53
 Total Blocks           : 11
 Total Primitive Blocks : 9
 Total Processes        : 69
 Total Traceable Variables  : 50
 Total Scalar Nets and Variables : 193
Total Line Count : 117

 Total Simulation Time: 0.06 sec

 Current Memory Usage: 315.027 Meg

Mon Jan 27 14:03:19 2020

