Command line:
   seven_bit_adder_top_isim_beh.exe
     -simmode  gui
     -simrunnum  0
     -socket  35936

Mon Jan 27 14:00:25 2020


 Elaboration Time: 0.03 sec

 Current Memory Usage: 239.534 Meg

 Total Signals          : 63
 Total Nets             : 50
 Total Signal Drivers   : 39
 Total Blocks           : 10
 Total Primitive Blocks : 8
 Total Processes        : 46
 Total Traceable Variables  : 25
 Total Scalar Nets and Variables : 152
Total Line Count : 63

 Total Simulation Time: 0.05 sec

 Current Memory Usage: 315.036 Meg

Mon Jan 27 14:01:43 2020

