Command line:
   fuller_adder_sch_fuller_adder_sch_sch_tb_isim_beh.exe
     -simmode  gui
     -simrunnum  0
     -socket  36472

Mon Jan 13 16:24:11 2020


 Elaboration Time: 0.03 sec

 Current Memory Usage: 239.522 Meg

 Total Signals          : 43
 Total Nets             : 22
 Total Signal Drivers   : 14
 Total Blocks           : 9
 Total Primitive Blocks : 7
 Total Processes        : 17
 Total Traceable Variables  : 21
 Total Scalar Nets and Variables : 105
Total Line Count : 28

 Total Simulation Time: 0.08 sec

 Current Memory Usage: 315.023 Meg

Mon Jan 13 16:44:38 2020

