Running: /opt/Xilinx/14.7/ISE_DS/ISE/bin/lin64/unwrapped/fuse -intstyle ise -incremental -lib unisims_ver -lib unimacro_ver -lib xilinxcorelib_ver -o /users/btech/dipeshk/Desktop/rippling_led/rippling_led_top_isim_beh.exe -prj /users/btech/dipeshk/Desktop/rippling_led/rippling_led_top_beh.prj work.rippling_led_top work.glbl 
ISim P.20131013 (signature 0xfbc00daa)
Number of CPUs detected in this system: 4
Turning on mult-threading, number of parallel sub-compilation jobs: 8 
Determining compilation order of HDL files
Analyzing Verilog file "/users/btech/dipeshk/Desktop/rippling_led/rippling_led.v" into library work
Analyzing Verilog file "/users/btech/dipeshk/Desktop/rippling_led/rippling_led_top.v" into library work
Analyzing Verilog file "/opt/Xilinx/14.7/ISE_DS/ISE//verilog/src/glbl.v" into library work
Starting static elaboration
Completed static elaboration
Fuse Memory Usage: 99900 KB
Fuse CPU Usage: 2150 ms
Compiling module rippling_led
Compiling module rippling_led_top
Compiling module glbl
Time Resolution for simulation is 1ps.
Waiting for 1 sub-compilation(s) to finish...
Compiled 3 Verilog Units
Built simulation executable /users/btech/dipeshk/Desktop/rippling_led/rippling_led_top_isim_beh.exe
Fuse Memory Usage: 659020 KB
Fuse CPU Usage: 2170 ms
GCC CPU Usage: 370 ms
