Release 14.7 - xst P.20131013 (lin64)
Copyright (c) 1995-2013 Xilinx, Inc.  All rights reserved.
--> 
Parameter TMPDIR set to xst/projnav.tmp


Total REAL time to Xst completion: 0.00 secs
Total CPU time to Xst completion: 0.08 secs
 
--> 
Parameter xsthdpdir set to xst


Total REAL time to Xst completion: 0.00 secs
Total CPU time to Xst completion: 0.08 secs
 
--> 
Reading design: rippling_led.prj

TABLE OF CONTENTS
  1) Synthesis Options Summary
  2) HDL Compilation
  3) Design Hierarchy Analysis
  4) HDL Analysis
  5) HDL Synthesis
     5.1) HDL Synthesis Report
  6) Advanced HDL Synthesis
     6.1) Advanced HDL Synthesis Report
  7) Low Level Synthesis
  8) Partition Report
  9) Final Report
	9.1) Device utilization summary
	9.2) Partition Resource Summary
	9.3) TIMING REPORT


=========================================================================
*                      Synthesis Options Summary                        *
=========================================================================
---- Source Parameters
Input File Name                    : "rippling_led.prj"
Input Format                       : mixed
Ignore Synthesis Constraint File   : NO

---- Target Parameters
Output File Name                   : "rippling_led"
Output Format                      : NGC
Target Device                      : xc3s500e-4-fg320

---- Source Options
Top Module Name                    : rippling_led
Automatic FSM Extraction           : YES
FSM Encoding Algorithm             : Auto
Safe Implementation                : No
FSM Style                          : LUT
RAM Extraction                     : Yes
RAM Style                          : Auto
ROM Extraction                     : Yes
Mux Style                          : Auto
Decoder Extraction                 : YES
Priority Encoder Extraction        : Yes
Shift Register Extraction          : YES
Logical Shifter Extraction         : YES
XOR Collapsing                     : YES
ROM Style                          : Auto
Mux Extraction                     : Yes
Resource Sharing                   : YES
Asynchronous To Synchronous        : NO
Multiplier Style                   : Auto
Automatic Register Balancing       : No

---- Target Options
Add IO Buffers                     : YES
Global Maximum Fanout              : 100000
Add Generic Clock Buffer(BUFG)     : 24
Register Duplication               : YES
Slice Packing                      : YES
Optimize Instantiated Primitives   : NO
Use Clock Enable                   : Yes
Use Synchronous Set                : Yes
Use Synchronous Reset              : Yes
Pack IO Registers into IOBs        : Auto
Equivalent register Removal        : YES

---- General Options
Optimization Goal                  : Speed
Optimization Effort                : 1
Keep Hierarchy                     : No
Netlist Hierarchy                  : As_Optimized
RTL Output                         : Yes
Global Optimization                : AllClockNets
Read Cores                         : YES
Write Timing Constraints           : NO
Cross Clock Analysis               : NO
Hierarchy Separator                : /
Bus Delimiter                      : <>
Case Specifier                     : Maintain
Slice Utilization Ratio            : 100
BRAM Utilization Ratio             : 100
Verilog 2001                       : YES
Auto BRAM Packing                  : NO
Slice Utilization Ratio Delta      : 5

=========================================================================


=========================================================================
*                          HDL Compilation                              *
=========================================================================
Compiling verilog file "rippling_led.v" in library work
Module <rippling_led> compiled
No errors in compilation
Analysis of file <"rippling_led.prj"> succeeded.
 

=========================================================================
*                     Design Hierarchy Analysis                         *
=========================================================================
Analyzing hierarchy for module <rippling_led> in library <work>.


=========================================================================
*                            HDL Analysis                               *
=========================================================================
Analyzing top module <rippling_led>.
Module <rippling_led> is correct for synthesis.
 

=========================================================================
*                           HDL Synthesis                               *
=========================================================================

Performing bidirectional port resolution...

Synthesizing Unit <rippling_led>.
    Related source file is "rippling_led.v".
    Found 1-bit register for signal <led0>.
    Found 1-bit register for signal <led1>.
    Found 1-bit register for signal <led2>.
    Found 1-bit register for signal <led3>.
    Found 1-bit register for signal <led4>.
    Found 1-bit register for signal <led5>.
    Found 1-bit register for signal <led6>.
    Found 1-bit register for signal <led7>.
    Found 32-bit up counter for signal <counter>.
    Summary:
	inferred   1 Counter(s).
	inferred   8 D-type flip-flop(s).
Unit <rippling_led> synthesized.


=========================================================================
HDL Synthesis Report

Macro Statistics
# Counters                                             : 1
 32-bit up counter                                     : 1
# Registers                                            : 8
 1-bit register                                        : 8

=========================================================================

=========================================================================
*                       Advanced HDL Synthesis                          *
=========================================================================


=========================================================================
Advanced HDL Synthesis Report

Macro Statistics
# Counters                                             : 1
 32-bit up counter                                     : 1
# Registers                                            : 8
 Flip-Flops                                            : 8

=========================================================================

=========================================================================
*                         Low Level Synthesis                           *
=========================================================================

Optimizing unit <rippling_led> ...

Mapping all equations...
Building and optimizing final netlist ...
Found area constraint ratio of 100 (+ 5) on block rippling_led, actual ratio is 0.

Final Macro Processing ...

=========================================================================
Final Register Report

Macro Statistics
# Registers                                            : 40
 Flip-Flops                                            : 40

=========================================================================

=========================================================================
*                           Partition Report                            *
=========================================================================

Partition Implementation Status
-------------------------------

  No Partitions were found in this design.

-------------------------------

=========================================================================
*                            Final Report                               *
=========================================================================
Final Results
RTL Top Level Output File Name     : rippling_led.ngr
Top Level Output File Name         : rippling_led
Output Format                      : NGC
Optimization Goal                  : Speed
Keep Hierarchy                     : No

Design Statistics
# IOs                              : 9

Cell Usage :
# BELS                             : 113
#      GND                         : 1
#      INV                         : 1
#      LUT1                        : 31
#      LUT4                        : 8
#      MUXCY                       : 39
#      VCC                         : 1
#      XORCY                       : 32
# FlipFlops/Latches                : 40
#      FDE                         : 8
#      FDR                         : 32
# Clock Buffers                    : 1
#      BUFGP                       : 1
# IO Buffers                       : 8
#      OBUF                        : 8
=========================================================================

Device utilization summary:
---------------------------

Selected Device : 3s500efg320-4 

 Number of Slices:                       25  out of   4656     0%  
 Number of Slice Flip Flops:             40  out of   9312     0%  
 Number of 4 input LUTs:                 40  out of   9312     0%  
 Number of IOs:                           9
 Number of bonded IOBs:                   9  out of    232     3%  
 Number of GCLKs:                         1  out of     24     4%  

---------------------------
Partition Resource Summary:
---------------------------

  No Partitions were found in this design.

---------------------------


=========================================================================
TIMING REPORT

NOTE: THESE TIMING NUMBERS ARE ONLY A SYNTHESIS ESTIMATE.
      FOR ACCURATE TIMING INFORMATION PLEASE REFER TO THE TRACE REPORT
      GENERATED AFTER PLACE-and-ROUTE.

Clock Information:
------------------
-----------------------------------+------------------------+-------+
Clock Signal                       | Clock buffer(FF name)  | Load  |
-----------------------------------+------------------------+-------+
clk                                | BUFGP                  | 40    |
-----------------------------------+------------------------+-------+

Asynchronous Control Signals Information:
----------------------------------------
No asynchronous control signals found in this design

Timing Summary:
---------------
Speed Grade: -4

   Minimum period: 5.242ns (Maximum Frequency: 190.776MHz)
   Minimum input arrival time before clock: No path found
   Maximum output required time after clock: 4.310ns
   Maximum combinational path delay: No path found

Timing Detail:
--------------
All values displayed in nanoseconds (ns)

=========================================================================
Timing constraint: Default period analysis for Clock 'clk'
  Clock period: 5.242ns (frequency: 190.776MHz)
  Total number of paths / destination ports: 1816 / 80
-------------------------------------------------------------------------
Delay:               5.242ns (Levels of Logic = 9)
  Source:            counter_8 (FF)
  Destination:       counter_0 (FF)
  Source Clock:      clk rising
  Destination Clock: clk rising

  Data Path: counter_8 to counter_0
                                Gate     Net
    Cell:in->out      fanout   Delay   Delay  Logical Name (Net Name)
    ----------------------------------------  ------------
     FDR:C->Q              2   0.591   0.622  counter_8 (counter_8)
     LUT4:I0->O            1   0.704   0.000  counter_cmp_eq0000_wg_lut<0> (counter_cmp_eq0000_wg_lut<0>)
     MUXCY:S->O            1   0.464   0.000  counter_cmp_eq0000_wg_cy<0> (counter_cmp_eq0000_wg_cy<0>)
     MUXCY:CI->O           1   0.059   0.000  counter_cmp_eq0000_wg_cy<1> (counter_cmp_eq0000_wg_cy<1>)
     MUXCY:CI->O           1   0.059   0.000  counter_cmp_eq0000_wg_cy<2> (counter_cmp_eq0000_wg_cy<2>)
     MUXCY:CI->O           1   0.059   0.000  counter_cmp_eq0000_wg_cy<3> (counter_cmp_eq0000_wg_cy<3>)
     MUXCY:CI->O           1   0.059   0.000  counter_cmp_eq0000_wg_cy<4> (counter_cmp_eq0000_wg_cy<4>)
     MUXCY:CI->O           1   0.059   0.000  counter_cmp_eq0000_wg_cy<5> (counter_cmp_eq0000_wg_cy<5>)
     MUXCY:CI->O           1   0.059   0.000  counter_cmp_eq0000_wg_cy<6> (counter_cmp_eq0000_wg_cy<6>)
     MUXCY:CI->O          40   0.331   1.265  counter_cmp_eq0000_wg_cy<7> (counter_cmp_eq0000)
     FDR:R                     0.911          counter_0
    ----------------------------------------
    Total                      5.242ns (3.355ns logic, 1.887ns route)
                                       (64.0% logic, 36.0% route)

=========================================================================
Timing constraint: Default OFFSET OUT AFTER for Clock 'clk'
  Total number of paths / destination ports: 8 / 8
-------------------------------------------------------------------------
Offset:              4.310ns (Levels of Logic = 1)
  Source:            led0 (FF)
  Destination:       led0 (PAD)
  Source Clock:      clk rising

  Data Path: led0 to led0
                                Gate     Net
    Cell:in->out      fanout   Delay   Delay  Logical Name (Net Name)
    ----------------------------------------  ------------
     FDE:C->Q              2   0.591   0.447  led0 (led0_OBUF)
     OBUF:I->O                 3.272          led0_OBUF (led0)
    ----------------------------------------
    Total                      4.310ns (3.863ns logic, 0.447ns route)
                                       (89.6% logic, 10.4% route)

=========================================================================


Total REAL time to Xst completion: 7.00 secs
Total CPU time to Xst completion: 6.31 secs
 
--> 


Total memory usage is 515756 kilobytes

Number of errors   :    0 (   0 filtered)
Number of warnings :    0 (   0 filtered)
Number of infos    :    0 (   0 filtered)

