Running: /opt/Xilinx/14.7/ISE_DS/ISE/bin/lin64/unwrapped/fuse -intstyle ise -incremental -lib unisims_ver -lib unimacro_ver -lib xilinxcorelib_ver -o /media/dipeshk/hacker/CS220Labs/Lab3_1/blinking_led/blinking_led_top_isim_beh.exe -prj /media/dipeshk/hacker/CS220Labs/Lab3_1/blinking_led/blinking_led_top_beh.prj work.blinking_led_top work.glbl 
ISim P.20131013 (signature 0xfbc00daa)
Number of CPUs detected in this system: 4
Turning on mult-threading, number of parallel sub-compilation jobs: 8 
Determining compilation order of HDL files
Analyzing Verilog file "/media/dipeshk/hacker/CS220Labs/Lab3_1/blinking_led/blinking_led.v" into library work
Analyzing Verilog file "/media/dipeshk/hacker/CS220Labs/Lab3_1/blinking_led/blinking_led_top.v" into library work
Analyzing Verilog file "/opt/Xilinx/14.7/ISE_DS/ISE//verilog/src/glbl.v" into library work
Starting static elaboration
Completed static elaboration
Fuse Memory Usage: 98832 KB
Fuse CPU Usage: 1930 ms
Compiling module blinking_led
Compiling module blinking_led_top
Compiling module glbl
Time Resolution for simulation is 1ps.
Waiting for 1 sub-compilation(s) to finish...
Compiled 3 Verilog Units
Built simulation executable /media/dipeshk/hacker/CS220Labs/Lab3_1/blinking_led/blinking_led_top_isim_beh.exe
Fuse Memory Usage: 659012 KB
Fuse CPU Usage: 1940 ms
GCC CPU Usage: 280 ms
